<?xml version="1.0" encoding="UTF-8"?>
<testng-results skipped="0" failed="0" ignored="0" total="1" passed="1">
  <reporter-output>
  </reporter-output>
  <suite name="Default suite" duration-ms="5747" started-at="2021-02-24T04:16:34 UTC" finished-at="2021-02-24T04:16:40 UTC">
    <groups>
    </groups>
    <test name="Default test" duration-ms="5747" started-at="2021-02-24T04:16:34 UTC" finished-at="2021-02-24T04:16:40 UTC">
      <class name="test.Testcase1">
        <test-method status="PASS" signature="setup()[pri:0, instance:test.Testcase1@3d99d22e]" name="setup" is-config="true" duration-ms="1916" started-at="2021-02-24T04:16:34 UTC" finished-at="2021-02-24T04:16:36 UTC">
          <reporter-output>
          </reporter-output>
        </test-method> <!-- setup -->
        <test-method status="PASS" signature="LoginTest()[pri:0, instance:test.Testcase1@3d99d22e]" name="LoginTest" duration-ms="3676" started-at="2021-02-24T04:16:36 UTC" finished-at="2021-02-24T04:16:39 UTC">
          <reporter-output>
          </reporter-output>
        </test-method> <!-- LoginTest -->
        <test-method status="PASS" signature="CloseBrowser()[pri:0, instance:test.Testcase1@3d99d22e]" name="CloseBrowser" is-config="true" duration-ms="95" started-at="2021-02-24T04:16:39 UTC" finished-at="2021-02-24T04:16:40 UTC">
          <reporter-output>
          </reporter-output>
        </test-method> <!-- CloseBrowser -->
      </class> <!-- test.Testcase1 -->
    </test> <!-- Default test -->
  </suite> <!-- Default suite -->
</testng-results>
